BH-search results of sequence yurtBH1mutated1

Position  Residue			Result
    1       M                           0.000
    2       L                           0.000
    3       R                           0.000
    4       F                           0.000
    5       L                           0.000
    6       S                           0.000
    7       R                           0.000
    8       R                           0.000
    9       K                           0.000
   10       V                           0.659
   11       R                           0.541
   12       N                           0.511
   13       N                           0.405
   14       Y                           0.345
   15       V                           0.307
   16       D                           0.306
   17       N                           0.194
   18       S                           0.082
   19       R                          -0.032
   20       E                          -0.032
   21       G                          -0.138
   22       G                          -0.119
   23       G                          -0.106
   24       A                          -0.156
   25       T                          -0.153
   26       S                          -0.089
   27       S                          -0.067
   28       A                          -0.069
   29       V                          -0.158
   30       G                          -0.059
   31       V                          -0.066
   32       A                          -0.066
   33       G                          -0.066
   34       G                          -0.064
   35       G                          -0.063
   36       G                          -0.087
   37       A                          -0.064
   38       I                           0.051
   39       T                           0.031
   40       S                           0.001
   41       G                           0.109
   42       G                           0.135
   43       S                           0.132
   44       S                           0.128
   45       Q                           0.107
   46       I                           0.213
   47       K                           0.199
   48       P                           0.288
   49       Q                           0.312
   50       R                           0.254
   51       I                           0.267
   52       V                           0.373
   53       V                           0.376
   54       N                           0.399
   55       K                           0.459
   56       N                           0.473
   57       K                           0.303
   58       I                           0.304
   59       D                           0.327
   60       C                           0.157
   61       R                           0.171
   62       V                           0.167
   63       I                           0.187
   64       L                           0.103
   65       L                           0.027
   66       D                           0.043
   67       N                           0.043
   68       T                           0.132
   69       D                           0.187
   70       L                           0.204
   71       S                           0.098
   72       I                           0.095
   73       E                           0.138
   74       L                           0.138
   75       S                           0.158
   76       K                           0.117
   77       K                           0.108
   78       A                           0.112
   79       L                           0.236
   80       G                           0.256
   81       S                           0.254
   82       F                           0.267
   83       L                           0.309
   84       Y                           0.296
   85       E                           0.319
   86       Q                           0.107
   87       V                           0.107
   88       F                           0.052
   89       Y                           0.072
   90       A                           0.132
   91       L                           0.138
   92       D                           0.108
   93       I                           0.048
   94       I                           0.058
   95       E                           0.176
   96       K                           0.142
   97       D                           0.137
   98       Y                           0.055
   99       F                          -0.003
  100       G                           0.002
  101       L                           0.078
  102       Q                           0.134
  103       F                           0.215
  104       M                           0.228
  105       D                           0.269
  106       A                           0.141
  107       N                           0.198
  108       H                           0.254
  109       V                           0.171
  110       K                           0.187
  111       H                           0.263
  112       W                           0.399
  113       L                           0.309
  114       D                           0.293
  115       P                           0.293
  116       T                           0.318
  117       K                           0.340
  118       P                           0.325
  119       I                           0.305
  120       K                           0.249
  121       K                           0.251
  122       Q                           0.213
  123       V                           0.119
  124       D                           0.213
  125       I                           0.172
  126       G                           0.176
  127       P                           0.176
  128       P                           0.259
  129       Y                           0.292
  130       T                           0.180
  131       F                           0.068
  132       D                          -0.008
  133       L                          -0.028
  134       D                           0.015
  135       V                          -0.009
  136       K                           0.021
  137       F                           0.150
  138       Y                           0.067
  139       S                          -0.088
  140       S                          -0.052
  141       E                          -0.118
  142       P                           0.052
  143       N                           0.072
  144       T                           0.166
  145       L                           0.229
  146       R                           0.183
  147       E                           0.153
  148       E                           0.073
  149       L                           0.109
  150       T                           0.222
  151       R                           0.297
  152       Y                           0.256
  153       L                           0.308
  154       F                           0.345
  155       F                           0.209
  156       L                           0.103
  157       Q                           0.315
  158       L                           0.451
  159       K                           0.356
  160       Q                           0.376
  161       D                           0.247
  162       L                           0.092
  163       L                          -0.003
  164       E                           0.043
  165       G                          -0.025
  166       R                          -0.062
  167       L                          -0.138
  168       D                          -0.138
  169       C                          -0.231
  170       P                          -0.209
  171       E                          -0.115
  172       D                          -0.153
  173       K                          -0.153
  174       A                          -0.077
  175       T                          -0.084
  176       E                          -0.295
  177       L                          -0.295
  178       C                          -0.231
  179       A                          -0.308
  180       L                          -0.235
  181       A                          -0.194
  182       L                          -0.151
  183       Q                          -0.287
  184       S                          -0.384
  185       E                          -0.386
  186       L                          -0.286
  187       G                          -0.325
  188       D                          -0.346
  189       Y                          -0.345
  190       D                          -0.378
  191       N                          -0.376
  192       Q                          -0.512
  193       E                          -0.422
  194       H                          -0.309
  195       S                          -0.144
  196       A                          -0.177
  197       A                          -0.200
  198       T                          -0.242
  199       V                          -0.322
  200       S                          -0.264
  201       E                          -0.348
  202       F                          -0.383
  203       R                          -0.247
  204       F                          -0.344
  205       V                          -0.321
  206       P                          -0.321
  207       E                          -0.296
  208       Q                          -0.259
  209       T                          -0.320
  210       E                          -0.419
  211       D                          -0.264
  212       L                          -0.218
  213       E                          -0.331
  214       I                          -0.377
  215       A                          -0.268
  216       I                          -0.245
  217       L                          -0.109
  218       D                          -0.086
  219       E                          -0.103
  220       Y                          -0.005
  221       K                           0.029
  222       T                          -0.009
  223       C                          -0.009
  224       R                          -0.033
  225       G                          -0.033
  226       L                           0.010
  227       T                           0.010
  228       P                           0.053
  229       A                           0.264
  230       Q                           0.206
  231       A                           0.206
  232       E                           0.311
  233       T                           0.327
  234       A                           0.157
  235       F                           0.170
  236       L                           0.190
  237       N                           0.197
  238       K                           0.217
  239       A                           0.161
  240       K                           0.204
  241       W                           0.204
  242       L                           0.303
  243       D                           0.306
  244       M                           0.345
  245       Y                           0.285
  246       G                           0.361
  247       V                           0.318
  248       D                           0.212
  249       M                           0.234
  250       H                           0.022
  251       T                          -0.026
  252       V                          -0.064
  253       L                           0.030
  254       G                           0.017
  255       K                          -0.003
  256       D                          -0.009
  257       G                          -0.029
  258       C                           0.028
  259       E                           0.015
  260       Y                           0.041
  261       H                           0.077
  262       L                           0.077
  263       G                           0.107
  264       L                           0.002
  265       T                           0.002
  266       P                           0.002
  267       T                          -0.028
  268       G                           0.064
  269       I                           0.187
  270       L                           0.137
  271       V                           0.175
  272       F                           0.205
  273       E                           0.265
  274       R                           0.333
  275       D                           0.317
  276       Q                           0.446
  277       K                           0.469
  278       I                           0.463
  279       G                           0.552
  280       L                           0.552
  281       F                           0.491
  282       F                           0.491
  283       W                           0.703
  284       P                           0.703
  285       K                           0.873
  286       I                           1.008
  287       S                           0.933
  288       K                           0.909
  289       L                           0.939
  290       D                           0.926
  291       F                           0.863
  292       K                           0.819
  293       K                           0.616
  294       K                           0.575
  295       K                           0.405
  296       L                           0.324
  297       T                           0.224
  298       L                           0.118
  299       I                           0.194
  300       V                           0.153
  301       I                           0.063
  302       E                          -0.149
  303       D                          -0.263
  304       D                          -0.376
  305       D                          -0.422
  306       E                          -0.455
  307       G                          -0.388
  308       R                          -0.312
  309       E                          -0.299
  310       Q                          -0.246
  311       E                          -0.284
  312       H                          -0.284
  313       T                          -0.114
  314       F                          -0.058
  315       V                           0.019
  316       F                           0.231
  317       R                           0.222
  318       L                           0.146
  319       Y                           0.350
  320       N                           0.486
  321       E                           0.605
  322       K                           0.605
  323       A                           0.608
  324       C                           0.443
  325       K                           0.437
  326       H                           0.369
  327       L                           0.256
  328       W                           0.286
  329       K                           0.296
  330       C                           0.424
  331       A                           0.559
  332       V                           0.559
  333       E                           0.559
  334       H                           0.523
  335       H                           0.414
  336       T                           0.528
  337       F                           0.498
  338       F                           0.377
  339       R                           0.265
  340       L                           0.244
  341       R                           0.358
  342       A                           0.331
  343       P                           0.415
  344       V                           0.484
  345       K                           0.552
  346       G                           0.665
  347       P                           0.617
  348       S                           0.557
  349       A                           0.445
  350       R                           0.521
  351       Q                           0.475
  352       N                           0.589
  353       F                           0.663
  354       F                           0.659
  355       R                           0.554
  356       M                           0.659
  357       G                           0.676
  358       S                           0.576
  359       R                           0.645
  360       F                           0.509
  361       R                           0.532
  362       Y                           0.547
  363       S                           0.457
  364       G                           0.367
  365       R                           0.255
  366       T                           0.348
  367       E                           0.339
  368       F                           0.452
  369       Q                           0.452
  370       T                           0.385
  371       T                           0.276
  372       Q                           0.196
  373       Q                           0.262
  374       S                           0.156
  375       R                           0.156
  376       A                           0.269
  377       R                           0.352
  378       R                           0.285
  379       T                           0.285
  380       V                           0.398
  381       Q                           0.465
  382       F                           0.486
  383       E                           0.510
  384       R                           0.622
  385       R                           0.486
  386       P                           0.488
  387       S                           0.374
  388       Q                           0.298
  389       R                           0.335
  390       F                           0.444
  391       A                           0.368
  392       S                           0.414
  393       R                           0.490
  394       Q                           0.490
  395       S                           0.376
  396       H                           0.393
  397       L                           0.369
  398       L                           0.293
  399       R                           0.179
  400       E                           0.111
  401       R                           0.116
  402       Q                           0.116
  403       K                           0.002
  404       A                           0.028
  405       S                           0.026
  406       Q                           0.028
  407       E                          -0.005
  408       A                          -0.056
  409       A                          -0.171
  410       V                           0.041
  411       S                          -0.073
  412       A                          -0.052
  413       V                          -0.166
  414       A                          -0.166
  415       S                          -0.168
  416       V                          -0.146
  417       N                          -0.049
  418       A                          -0.049
  419       R                          -0.049
  420       A                          -0.054
  421       A                          -0.054
  422       A                          -0.076
  423       A                          -0.079
  424       A                          -0.094
  425       A                          -0.096
  426       A                          -0.116
  427       A                          -0.103
  428       A                          -0.101
  429       A                          -0.230
  430       S                          -0.192
  431       Q                          -0.186
  432       S                          -0.184
  433       P                          -0.182
  434       A                          -0.204
  435       P                          -0.198
  436       A                          -0.196
  437       T                          -0.195
  438       P                          -0.209
  439       L                          -0.208
  440       V                          -0.225
  441       S                          -0.216
  442       S                          -0.232
  443       Q                          -0.273
  444       V                          -0.286
  445       S                          -0.284
  446       T                          -0.297
  447       P                          -0.355
  448       T                          -0.340
  449       P                          -0.310
  450       N                          -0.371
  451       N                          -0.371
  452       D                          -0.335
  453       N                          -0.288
  454       N                          -0.291
  455       N                          -0.292
  456       D                          -0.349
  457       A                          -0.356
  458       F                          -0.289
  459       D                          -0.249
  460       S                          -0.234
  461       L                          -0.216
  462       I                          -0.158
  463       S                          -0.160
  464       T                          -0.145
  465       D                          -0.146
  466       Q                          -0.088
  467       F                          -0.083
  468       I                          -0.113
  469       T                          -0.056
  470       V                          -0.053
  471       T                          -0.066
  472       P                          -0.113
  473       S                          -0.128
  474       P                          -0.127
  475       S                          -0.072
  476       V                          -0.025
  477       L                          -0.068
  478       T                          -0.191
  479       V                          -0.207
  480       I                          -0.268
  481       Q                          -0.269
  482       N                          -0.255
  483       S                          -0.235
  484       A                          -0.218
  485       I                          -0.212
  486       I                          -0.215
  487       E                          -0.228
  488       P                          -0.228
  489       D                          -0.231
  490       A                          -0.254
  491       A                          -0.231
  492       C                          -0.239
  493       S                          -0.241
  494       G                          -0.241
  495       S                          -0.266
  496       I                          -0.305
  497       S                          -0.139
  498       S                          -0.124
  499       S                          -0.066
  500       S                          -0.028
  501       Q                          -0.019
  502       A                           0.073
  503       A                           0.058
  504       A                           0.052
  505       N                           0.088
  506       F                           0.177
  507       A                           0.177
  508       S                           0.162
  509       L                           0.228
  510       G                           0.228
  511       R                           0.236
  512       N                           0.139
  513       S                           0.083
  514       L                           0.068
  515       K                           0.082
  516       S                           0.072
  517       N                           0.074
  518       F                           0.186
  519       S                           0.173
  520       N                           0.173
  521       E                           0.061
  522       D                           0.099
  523       P                           0.105
  524       A                           0.181
  525       Y                           0.067
  526       S                           0.067
  527       K                           0.088
  528       I                           0.058
  529       G                           0.058
  530       S                           0.076
  531       I                           0.288
  532       G                           0.382
  533       K                           0.341
  534       A                           0.326
  535       S                           0.212
  536       G                           0.268
  537       L                           0.156
  538       T                           0.116
  539       V                           0.093
  540       K                           0.149
  541       L                           0.126
  542       D                           0.103
  543       P                          -0.025
  544       D                          -0.025
  545       Y                          -0.025
  546       T                           0.081
  547       P                           0.029
  548       P                           0.096
  549       Y                           0.035
  550       S                          -0.177
  551       P                          -0.214
  552       N                          -0.171
  553       A                          -0.171
  554       T                          -0.047
  555       K                           0.009
  556       N                          -0.006
  557       F                           0.009
  558       D                           0.025
  559       E                          -0.031
  560       T                          -0.031
  561       N                          -0.016
  562       P                          -0.003
  563       F                           0.005
  564       R                           0.006
  565       N                          -0.040
  566       A                          -0.018
  567       T                           0.027
  568       S                           0.083
  569       S                           0.183
  570       H                           0.206
  571       H                           0.222
  572       G                           0.238
  573       S                           0.178
  574       F                           0.043
  575       G                           0.094
  576       K                           0.096
  577       A                           0.100
  578       S                           0.212
  579       I                           0.212
  580       S                           0.221
  581       S                           0.259
  582       G                           0.253
  583       Q                           0.195
  584       L                           0.241
  585       S                           0.176
  586       V                           0.176
  587       K                           0.079
  588       S                           0.115
  589       G                           0.034
  590       L                           0.034
  591       S                           0.071
  592       D                           0.101
  593       K                           0.236
  594       D                           0.200
  595       R                           0.223
  596       E                           0.223
  597       L                           0.223
  598       D                           0.165
  599       S                           0.142
  600       L                           0.106
  601       L                           0.089
  602       K                           0.147
  603       S                           0.038
  604       I                           0.132
  605       V                           0.018
  606       K                           0.102
  607       D                          -0.034
  608       P                           0.022
  609       S                           0.045
  610       P                          -0.006
  611       S                          -0.101
  612       V                          -0.215
  613       L                          -0.230
  614       A                          -0.253
  615       N                          -0.233
  616       E                          -0.233
  617       A                          -0.172
  618       I                          -0.156
  619       N                          -0.133
  620       D                          -0.131
  621       A                          -0.019
  622       N                          -0.023
  623       S                           0.007
  624       I                          -0.048
  625       R                          -0.014
  626       V                           0.027
  627       T                           0.027
  628       I                          -0.011
  629       N                           0.004
  630       K                          -0.038
  631       T                          -0.036
  632       F                           0.015
  633       D                           0.127
  634       M                           0.216
  635       D                           0.141
  636       H                           0.137
  637       N                           0.123
  638       T                           0.097
  639       E                           0.097
  640       T                          -0.114
  641       L                          -0.002
  642       K                          -0.085
  643       R                          -0.042
  644       L                          -0.076
  645       S                          -0.042
  646       N                          -0.037
  647       A                           0.091
  648       N                           0.127
  649       E                           0.225
  650       K                           0.210
  651       P                           0.177
  652       N                           0.049
  653       N                          -0.063
  654       Q                          -0.100
  655       V                          -0.102
  656       K                          -0.051
  657       L                          -0.065
  658       A                          -0.067
  659       N                           0.039
  660       V                          -0.088
  661       N                          -0.048
  662       T                           0.079
  663       T                           0.114
  664       A                           0.122
  665       L                           0.142
  666       P                           0.066
  667       P                           0.142
  668       G                           0.142
  669       N                           0.269
  670       I                           0.269
  671       K                           0.185
  672       C                           0.086
  673       N                          -0.013
  674       I                           0.026
  675       L                          -0.004
  676       K                           0.011
  677       A                           0.034
  678       R                           0.034
  679       V                           0.034
  680       E                           0.008
  681       E                           0.008
  682       E                           0.025
  683       L                           0.040
  684       G                           0.002
  685       A                          -0.058
  686       G                          -0.152
  687       G                          -0.083
  688       N                          -0.192
  689       A                          -0.212
  690       K                          -0.115
  691       L                          -0.017
  692       T                           0.080
  693       N                           0.044
  694       Q                           0.037
  695       M                           0.024
  696       F                           0.037
  697       V                           0.028
  698       P                           0.043
  699       A                           0.045
  700       A                          -0.082
  701       H                          -0.119
  702       S                          -0.134
  703       S                          -0.118
  704       N                          -0.095
  705       M                          -0.129
  706       H                          -0.211
  707       T                          -0.216
  708       S                          -0.201
  709       N                          -0.201
  710       T                          -0.199
  711       N                          -0.255
  712       S                          -0.248
  713       S                          -0.265
  714       N                          -0.308
  715       N                          -0.327
  716       H                          -0.288
  717       A                          -0.303
  718       H                          -0.305
  719       S                          -0.291
  720       D                          -0.234
  721       G                          -0.195
  722       P                          -0.195
  723       D                          -0.192
  724       S                          -0.171
  725       L                          -0.149
  726       N                          -0.205
  727       A                          -0.091
  728       T                          -0.052
  729       Y                          -0.053
  730       I                           0.042
  731       S                           0.035
  732       V                           0.075
  733       G                           0.116
  734       G                           0.017
  735       D                          -0.043
  736       K                           0.084
  737       L                           0.069
  738       T                           0.070
  739       L                           0.013
  740       S                          -0.004
  741       I                          -0.004
  742       P                          -0.007
  743       E                          -0.013
  744       Q                          -0.019
  745       K                           0.038
  746       P                          -0.074
  747       S                          -0.111
  748       T                          -0.110
  749       G                          -0.146
  750       S                          -0.147
  751       S                          -0.172
  752       S                          -0.156
  753       S                          -0.057
  754       S                          -0.034
  755       S                          -0.146
  756       T                          -0.145
  757       S                          -0.138
  758       S                          -0.153
  759       T                          -0.153
  760       A                          -0.170
  761       T                          -0.114
  762       T                          -0.114
  763       T                          -0.129
  764       T                          -0.131
  765       N                          -0.132
  766       G                          -0.065
  767       N                          -0.062
  768       G                          -0.062
  769       P                          -0.055
  770       Y                           0.014
  771       S                           0.014
  772       N                           0.013
  773       A                          -0.004
  774       T                           0.033
  775       F                           0.048
  776       V                           0.025
  777       S                           0.023
  778       G                           0.017
  779       F                           0.034
  780       S                           0.014
  781       A                          -0.003
  782       P                           0.010
  783       L                          -0.003
  784       T                           0.034
  785       P                          -0.048
  786       P                          -0.066
  787       S                          -0.067
  788       S                          -0.067
  789       L                          -0.133
  790       P                          -0.127
  791       A                          -0.105
  792       N                          -0.104
  793       L                          -0.141
  794       N                          -0.141
  795       N                          -0.087
  796       T                          -0.071
  797       G                          -0.071
  798       S                          -0.068
  799       G                          -0.105
  800       C                          -0.088
  801       N                          -0.063
  802       T                          -0.048
  803       T                          -0.085
  804       L                          -0.086
  805       T                          -0.071
  806       S                          -0.071
  807       V                          -0.094
  808       T                          -0.094
  809       T                          -0.103
  810       I                          -0.123
  811       S                          -0.104
  812       T                          -0.104
  813       P                          -0.104
  814       S                          -0.141
  815       S                          -0.142
  816       P                          -0.142
  817       T                          -0.245
  818       A                          -0.244
  819       T                          -0.241
  820       V                          -0.266
  821       S                          -0.283
  822       T                          -0.284
  823       T                          -0.231
  824       A                          -0.231
  825       S                          -0.246
  826       E                          -0.232
  827       S                          -0.231
  828       V                          -0.231
  829       A                          -0.233
  830       P                          -0.335
  831       A                          -0.312
  832       L                          -0.275
  833       S                          -0.252
  834       N                          -0.265
  835       A                          -0.364
  836       S                          -0.242
  837       A                          -0.175
  838       A                          -0.155
  839       E                          -0.168
  840       I                          -0.167
  841       L                          -0.142
  842       I                          -0.155
  843       N                          -0.170
  844       E                          -0.170
  845       I                          -0.183
  846       F                          -0.185
  847       I                          -0.183
  848       N                          -0.175
  849       N                          -0.075
  850       I                          -0.075
  851       I                          -0.112
  852       N                          -0.137
  853       N                          -0.222
  854       N                          -0.123
  855       A                          -0.148
  856       S                          -0.216
  857       G                          -0.127
  858       S                          -0.129
  859       I                          -0.116
  860       T                          -0.133
  861       A                          -0.156
  862       E                          -0.141
  863       T                          -0.126
  864       A                          -0.127
  865       A                          -0.125
  866       K                          -0.127
  867       P                          -0.127
  868       A                          -0.128
  869       G                          -0.115
  870       S                          -0.078
  871       S                          -0.009
  872       T                           0.090
  873       P                           0.090
  874       S                           0.128
  875       A                           0.131
  876       G                          -0.081
  877       T                          -0.088
  878       L                          -0.185
  879       L                          -0.079
  880       F                          -0.043
  881       S                          -0.143
  882       T                          -0.142
  883       L                          -0.149
  884       S                          -0.037
  885       E                          -0.035
  886       Q                          -0.057
  887       E                          -0.080
  888       R                          -0.140
  889       L                          -0.157
  890       E                          -0.239
  891       S                          -0.263
  892       Q                          -0.262
  893       K                          -0.262
  894       T                          -0.277
  895       N                          -0.142
  896       Q                          -0.133
  897       Q                          -0.057
  898       M                          -0.185
  899       N                          -0.223
  900       Q                          -0.124
  901       S                          -0.223
  902       L                          -0.196
  903       N                          -0.366
  904       L                          -0.368
  905       N                          -0.369
  906       Q                          -0.363
  907       N                          -0.339
  908       H                          -0.457
  909       S                          -0.330
  910       E                          -0.194
  911       V                          -0.195
  912       D                          -0.248
  913       A                          -0.233
  914       P                          -0.284
  915       P                          -0.213
  916       S                          -0.206
  917       E                          -0.248
  918       K                          -0.246
  919       K                          -0.246
  920       T                          -0.035
  921       P                          -0.015
  922       S                           0.026
  923       N                           0.095
  924       Y                           0.095
  925       P                           0.112
  926       D                           0.112
  927       S                           0.211
  928       S                           0.084
  929       R                          -0.028
  930       I                           0.084
  931       P                           0.043
  932       F                           0.062
  933       P                           0.081
  934       S                           0.024
  935       S                           0.024
  936       S                           0.186
  937       N                           0.223
  938       S                           0.226
  939       K                           0.114
  940       D                           0.091
  941       M                           0.008
  942       V                          -0.055
  943       S                          -0.035
  944       P                          -0.035
  945       W                          -0.037
  946       L                          -0.054
  947       V                           0.073
  948       S                           0.079
  949       S                           0.079
  950       E                           0.038
  951       V                           0.019
  952       V                           0.014
  953       S                           0.037
  954       A                           0.077
  955       P                           0.085
  956       K                           0.161
  957       G                           0.157
  958       R                           0.161
  959       E                           0.184
  960       S                           0.283
  961       A                           0.279
  962       I                           0.252
  963       I                           0.288
  964       R                           0.000
  965       K                           0.000
  966       S                           0.000
  967       V                           0.000
  968       I                           0.000
  969       T                           0.000
  970       T                           0.000
  971       Q                           0.000
  972       L                           0.000



